----------

Wed Feb 26 2020 13:03:31 GMT+0530 (India Standard Time)

Script /home/samuelkipgen/Documents/OPCC/opccweb2020/export.sh couldn't be run

----------

Wed Feb 26 2020 13:07:43 GMT+0530 (India Standard Time)

fatal: not a git repository (or any of the parent directories): .git


----------

Wed Feb 26 2020 13:07:43 GMT+0530 (India Standard Time)

fatal: not a git repository (or any of the parent directories): .git


----------

Wed Feb 26 2020 13:07:43 GMT+0530 (India Standard Time)

fatal: not a git repository (or any of the parent directories): .git


----------

Wed Feb 26 2020 13:09:22 GMT+0530 (India Standard Time)

fatal: 'origin' does not appear to be a git repository


----------

Wed Feb 26 2020 13:09:22 GMT+0530 (India Standard Time)

fatal: Could not read from remote repository.

Please make sure you have the correct access rights
and the repository exists.


----------

Wed Feb 26 2020 13:46:38 GMT+0530 (India Standard Time)

fatal: 'origin' does not appear to be a git repository


----------

Wed Feb 26 2020 13:46:38 GMT+0530 (India Standard Time)

fatal: Could not read from remote repository.

Please make sure you have the correct access rights
and the repository exists.


